<?xml version="1.0" encoding="UTF-8"?>
<!-- Generated by org.testng.reporters.JUnitReportReporter -->
<testsuite skipped="0" hostname="LAPTOP-L3E45IIB" name="com.testscripts.TestingPage" tests="5" failures="0" timestamp="2022-12-05T11:37:17 IST" time="81.323" errors="0">
  <testcase name="positiveScenarioUser" time="32.946" classname="com.testscripts.TestingPage"/>
  <system-out/>
  <testcase name="positiveScenarioAdmin" time="25.017" classname="com.testscripts.TestingPage"/>
  <system-out/>
  <testcase name="addCategoryValidationUItoDB" time="17.970" classname="com.testscripts.TestingPage"/>
  <system-out/>
  <testcase name="addCategoryValidationDBtoUI" time="0.187" classname="com.testscripts.TestingPage"/>
  <system-out/>
  <testcase name="NegativeScenarioTesting" time="5.203" classname="com.testscripts.TestingPage"/>
  <system-out/>
</testsuite> <!-- com.testscripts.TestingPage -->
